<?xml version="1.0" encoding="UTF-8"?>
<!-- Generated by org.testng.reporters.JUnitReportReporter -->
<testsuite hostname="Jyothi" name="avn.NewTest" tests="1" failures="0" timestamp="27 Apr 2020 10:26:26 GMT" time="19.037" errors="0">
  <testcase name="f" time="19.037" classname="avn.NewTest"/>
</testsuite> <!-- avn.NewTest -->
